********************************************************************************
DUPLICATOR-LITE PACKAGE-LOG: 27 June 2022 8h24
NOTICE: Do NOT post to public sites or forums 
********************************************************************************
VERSION:	1.4.6
WORDPRESS:	6.0
PHP INFO:	7.4.2 | SAPI: apache2handler
SERVER:		Apache/2.2.34 (Unix) mod_wsgi/3.5 Python/2.7.13 PHP/7.4.2 mod_ssl/2.2.34 OpenSSL/1.0.2o DAV/2 mod_fastcgi/mod_fastcgi-SNAP-0910052141 mod_perl/2.0.11 Perl/v5.24.0 
PHP TIME LIMIT: (0) no time limit imposed 
PHP MAX MEMORY: 4294967296 (256M default) 
MEMORY STACK: 31MB

********************************************************************************
DATABASE:
********************************************************************************
BUILD MODE:   PHP(query limit - 100)
MYSQLTIMEOUT: 5000
MYSQLDUMP:    Not Supported
TABLES: total:47 | filtered:0 | create:47
FILTERED: []
SQL CREATED: 20220617_studiworld_599914645478bf938842_20220627082406_database.sql
SQL FILE SIZE: 9.87MB (10352676)
SQL FILE TIME: 2022-06-27 08:24:44
SQL RUNTIME: 1.20 sec.

********************************************************************************
ARCHIVE (ZIP):
********************************************************************************
ARCHIVE DIR:  /Applications/MAMP/htdocs/wordpress
ARCHIVE FILE: 20220617_studiworld_599914645478bf938842_20220627082406_archive.zip
FILTERS: *OFF*
DIRS:
	not set
FILES:
	not set
EXTS:  not set
----------------------------------------
COMPRESSING
SIZE:	240.19MB
STATS:	Dirs 1,915 | Files 11,704
SQL ADDED: 20220617_studiworld_599914645478bf938842_20220627082406_database.sql
ZipArchive Object
(
    [status] => 0
    [statusSys] => 0
    [numFiles] => 13619
    [filename] => /Applications/MAMP/htdocs/wordpress/wp-content/backups-dup-lite/tmp/20220617_studiworld_599914645478bf938842_20220627082406_archive.zip
    [comment] => 
)

FILE ADDED TO ZIP: 13618
COMPRESSION RESULT: '1'
COMPRESSED SIZE: 83.86MB
ARCHIVE RUNTIME: 44.60 sec.
MEMORY STACK: 37MB
building installer
add_extra_files1
add_extra_files2
add_extra_files3
add_extra_files4
Doing archive file check
add_extra_files5
add_extra_files6
add_extra_files8
Successfully opened zip /Applications/MAMP/htdocs/wordpress/wp-content/backups-dup-lite/tmp/20220617_studiworld_599914645478bf938842_20220627082406_archive.zip
Adding enhanced installer files to archive using ZipArchive
Installer files added to archive
Added to archive
After ziparchive close when adding installer

********************************************************************************
INTEGRITY CHECKS:
********************************************************************************
SQL FILE: 9.87MB
INSTALLER FILE: 64.59KB
ARCHIVE FILE: 84.94MB 
COMPTE ATTENDU DE FICHIERS/RÉPERTOIRES : 13,619
COMPTE ACTUEL DE FICHIERS/RÉPERTOIRES : 13,618
TEST DE COHÉRENCE D’ARCHIVE : Bon

********************************************************************************
RECORD ID:[2]
TOTAL PROCESS RUNTIME: 58.97 sec.
PEAK PHP MEMORY USED: 37MB
DONE PROCESSING => 20220617_studiworld 27 June 2022 8h25

