********************************************************************************
DUPLICATOR-LITE PACKAGE-LOG: 17 June 2022 13h12
NOTICE: Do NOT post to public sites or forums 
********************************************************************************
VERSION:	1.4.6
WORDPRESS:	6.0
PHP INFO:	7.4.2 | SAPI: apache2handler
SERVER:		Apache/2.2.34 (Unix) mod_wsgi/3.5 Python/2.7.13 PHP/7.4.2 mod_ssl/2.2.34 OpenSSL/1.0.2o DAV/2 mod_fastcgi/mod_fastcgi-SNAP-0910052141 mod_perl/2.0.11 Perl/v5.24.0 
PHP TIME LIMIT: (0) no time limit imposed 
PHP MAX MEMORY: 4294967296 (256M default) 
MEMORY STACK: 19MB

********************************************************************************
DATABASE:
********************************************************************************
BUILD MODE:   PHP(query limit - 100)
MYSQLTIMEOUT: 5000
MYSQLDUMP:    Not Supported
TABLES: total:47 | filtered:0 | create:47
FILTERED: []
SQL CREATED: 20220617_studiworld_c8f6ce4b962cb2b61622_20220617131039_database.sql
SQL FILE SIZE: 9.89MB (10375195)
SQL FILE TIME: 2022-06-17 13:12:10
SQL RUNTIME: 1.24 sec.

********************************************************************************
ARCHIVE (ZIP):
********************************************************************************
ARCHIVE DIR:  /Applications/MAMP/htdocs/wordpress
ARCHIVE FILE: 20220617_studiworld_c8f6ce4b962cb2b61622_20220617131039_archive.zip
FILTERS: *OFF*
DIRS:
	not set
FILES:
	not set
EXTS:  not set
----------------------------------------
COMPRESSING
SIZE:	242.6MB
STATS:	Dirs 1,941 | Files 11,852
SQL ADDED: 20220617_studiworld_c8f6ce4b962cb2b61622_20220617131039_database.sql
ZipArchive Object
(
    [status] => 0
    [statusSys] => 0
    [numFiles] => 13793
    [filename] => /Applications/MAMP/htdocs/wordpress/wp-content/backups-dup-lite/tmp/20220617_studiworld_c8f6ce4b962cb2b61622_20220617131039_archive.zip
    [comment] => 
)

FILE ADDED TO ZIP: 13792
COMPRESSION RESULT: '1'
COMPRESSED SIZE: 84.69MB
ARCHIVE RUNTIME: 49.77 sec.
MEMORY STACK: 23MB
building installer
add_extra_files1
add_extra_files2
add_extra_files3
add_extra_files4
Doing archive file check
add_extra_files5
add_extra_files6
add_extra_files8
Successfully opened zip /Applications/MAMP/htdocs/wordpress/wp-content/backups-dup-lite/tmp/20220617_studiworld_c8f6ce4b962cb2b61622_20220617131039_archive.zip
Adding enhanced installer files to archive using ZipArchive
Installer files added to archive
Added to archive
After ziparchive close when adding installer

********************************************************************************
INTEGRITY CHECKS:
********************************************************************************
SQL FILE: 9.89MB
INSTALLER FILE: 64.59KB
ARCHIVE FILE: 85.78MB 
COMPTE ATTENDU DE FICHIERS/RÉPERTOIRES : 13,793
COMPTE ACTUEL DE FICHIERS/RÉPERTOIRES : 13,792
TEST DE COHÉRENCE D’ARCHIVE : Bon

********************************************************************************
RECORD ID:[1]
TOTAL PROCESS RUNTIME: 65.06 sec.
PEAK PHP MEMORY USED: 25MB
DONE PROCESSING => 20220617_studiworld 17 June 2022 13h13

